  Main.cpp
C:\!Mine\Code\3DModeler\Main.cpp(108,53): warning C4244: 'argument': conversion from 'float' to 'int', possible loss of data
C:\!Mine\Code\3DModeler\Main.cpp(108,40): warning C4244: 'argument': conversion from 'float' to 'int', possible loss of data
C:\!Mine\Code\3DModeler\Main.cpp(117,32): warning C4244: 'argument': conversion from 'float' to 'GLsizei', possible loss of data
C:\!Mine\Code\3DModeler\Main.cpp(117,19): warning C4244: 'argument': conversion from 'float' to 'GLsizei', possible loss of data
C:\!Mine\Code\3DModeler\Main.cpp(125,31): warning C4244: 'argument': conversion from 'float' to 'int', possible loss of data
C:\!Mine\Code\3DModeler\Main.cpp(125,18): warning C4244: 'argument': conversion from 'float' to 'int', possible loss of data
C:\!Mine\Code\3DModeler\Main.cpp(158,58): warning C4267: 'argument': conversion from 'size_t' to 'GLsizei', possible loss of data
C:\!Mine\Code\3DModeler\Main.cpp(166,55): warning C4267: 'argument': conversion from 'size_t' to 'GLsizei', possible loss of data
C:\!Mine\Code\3DModeler\Main.cpp(187,37): warning C4838: conversion from '_Ty' to 'int' requires a narrowing conversion
C:\!Mine\Code\3DModeler\Main.cpp(187,37): warning C4838:         with
C:\!Mine\Code\3DModeler\Main.cpp(187,37): warning C4838:         [
C:\!Mine\Code\3DModeler\Main.cpp(187,37): warning C4838:             _Ty=GLuint
C:\!Mine\Code\3DModeler\Main.cpp(187,37): warning C4838:         ]
C:\!Mine\Code\3DModeler\Main.cpp(187,53): warning C4838: conversion from '_Ty' to 'int' requires a narrowing conversion
C:\!Mine\Code\3DModeler\Main.cpp(187,53): warning C4838:         with
C:\!Mine\Code\3DModeler\Main.cpp(187,53): warning C4838:         [
C:\!Mine\Code\3DModeler\Main.cpp(187,53): warning C4838:             _Ty=GLuint
C:\!Mine\Code\3DModeler\Main.cpp(187,53): warning C4838:         ]
C:\!Mine\Code\3DModeler\Main.cpp(187,69): warning C4838: conversion from '_Ty' to 'int' requires a narrowing conversion
C:\!Mine\Code\3DModeler\Main.cpp(187,69): warning C4838:         with
C:\!Mine\Code\3DModeler\Main.cpp(187,69): warning C4838:         [
C:\!Mine\Code\3DModeler\Main.cpp(187,69): warning C4838:             _Ty=GLuint
C:\!Mine\Code\3DModeler\Main.cpp(187,69): warning C4838:         ]
  3DModeler.vcxproj -> C:\!Mine\Code\3DModeler\x64\Debug\3DModeler.exe
